----------------------------------------------------------------
<<<<<<< HEAD
Thu Apr 28 00:19:31 CEST 2022:
Booting Derby version The Apache Software Foundation - Apache Derby - 10.14.2.0 - (1828579): instance a816c00e-0180-6d1b-a944-000007775878 
on database directory /tmp/gfembed2840934366021054134tmp/lib/databases/ejbtimer with class loader jdk.internal.loader.ClassLoaders$AppClassLoader@55054057 
Loaded from file:/home/franvr/.m2/repository/org/glassfish/main/extras/glassfish-embedded-all/5.1.0/glassfish-embedded-all-5.1.0.jar
java.vendor=Private Build
java.runtime.version=11.0.15+10-Ubuntu-0ubuntu0.20.04.1
user.dir=/mnt/c/Users/franVR/Downloads/Digital-Solutions/proyecto/proyecto-ejb
=======
Wed Apr 27 23:09:30 CEST 2022:
Booting Derby version The Apache Software Foundation - Apache Derby - 10.14.2.0 - (1828579): instance a816c00e-0180-6cdb-8d06-000006060348 
on database directory /tmp/gfembed9789252357280272483tmp/lib/databases/ejbtimer with class loader jdk.internal.loader.ClassLoaders$AppClassLoader@1de0aca6 
Loaded from file:/home/ariadna/.m2/repository/org/glassfish/main/extras/glassfish-embedded-all/5.1.0/glassfish-embedded-all-5.1.0.jar
java.vendor=Ubuntu
java.runtime.version=11.0.11+9-Ubuntu-0ubuntu2.20.04
user.dir=/mnt/c/Users/Ariadna/Desktop/Sistemas de información para internet/Proyecto SII/Digital-Solutions/proyecto/proyecto-ejb
>>>>>>> branch 'main' of https://github.com/MoritzB112/Digital-Solutions
os.name=Linux
os.arch=amd64
os.version=5.10.16.3-microsoft-standard-WSL2
derby.system.home=null
Database Class Loader started - derby.database.classpath=''
